u:\year 2\game engine construction\hapi_start\hapi_start\x64\debug\vc141.pdb
u:\year 2\game engine construction\hapi_start\hapi_start\x64\debug\vc141.idb
u:\year 2\game engine construction\hapi_start\hapi_start\x64\debug\star.obj
u:\year 2\game engine construction\hapi_start\hapi_start\x64\debug\sprite.obj
u:\year 2\game engine construction\hapi_start\hapi_start\x64\debug\visualisation.obj
u:\year 2\game engine construction\hapi_start\hapi_start\x64\debug\rectangle.obj
u:\year 2\game engine construction\hapi_start\hapi_start\x64\debug\main.obj
c:\users\t7051015\source\hapi_start\hapi_start\x64\debug\vc141.pdb
c:\users\t7051015\source\hapi_start\hapi_start\x64\debug\vc141.idb
c:\users\t7051015\source\hapi_start\hapi_start\x64\debug\main.obj
c:\users\t7051015\source\hapi_start\hapi_start\x64\debug\visualisation.obj
c:\users\t7051015\source\hapi_start\hapi_start\x64\debug\star.obj
c:\users\t7051015\source\hapi_start\hapi_start\x64\debug\sprite.obj
c:\users\t7051015\source\hapi_start\hapi_start\x64\debug\rectangle.obj
u:\year 2\game engine construction\hapi_start\x64\debug\hapi_start.exe
u:\year 2\game engine construction\hapi_start\x64\debug\hapi_start.ilk
u:\year 2\game engine construction\hapi_start\x64\debug\hapi_start.pdb
c:\users\t7051015\source\repos\hapi_start\x64\debug\hapi_start.exe
c:\users\t7051015\source\repos\hapi_start\x64\debug\hapi_start.ilk
c:\users\t7051015\source\repos\hapi_start\x64\debug\hapi_start.pdb
c:\users\t7051015\source\hapi_start\x64\debug\hapi_start.ilk
c:\users\t7051015\source\hapi_start\x64\debug\hapi_start.exe
c:\users\t7051015\source\hapi_start\x64\debug\hapi_start.pdb
c:\users\t7051015\source\hapi_start\hapi_start\x64\debug\visualistion.obj
c:\users\t7051015\source\hapi_start\hapi_start\x64\debug\visualisation.obj.enc
c:\users\t7051015\source\hapi_start\hapi_start\x64\debug\hapi_start.tlog\cl.command.1.tlog
c:\users\t7051015\source\hapi_start\hapi_start\x64\debug\hapi_start.tlog\cl.read.1.tlog
c:\users\t7051015\source\hapi_start\hapi_start\x64\debug\hapi_start.tlog\cl.write.1.tlog
c:\users\t7051015\source\hapi_start\hapi_start\x64\debug\hapi_start.tlog\link.command.1.tlog
c:\users\t7051015\source\hapi_start\hapi_start\x64\debug\hapi_start.tlog\link.read.1.tlog
c:\users\t7051015\source\hapi_start\hapi_start\x64\debug\hapi_start.tlog\link.write.1.tlog
